<?xml version="1.0" encoding="UTF-8"?>
<testsuite xmlns:xsi="http://www.w3.org/2001/XMLSchema-instance" xsi:noNamespaceSchemaLocation="https://maven.apache.org/surefire/maven-surefire-plugin/xsd/surefire-test-report-3.0.xsd" version="3.0" name="com.example.demo.DemoApplicationTests" time="13.123" tests="1" errors="0" skipped="0" failures="0">
  <properties>
[...]
</properties>
  <testcase name="contextLoads" classname="com.example.demo.DemoApplicationTests" time="0.708">
    <system-out><![CDATA[12:53:40.700 [main] INFO org.springframework.test.context.support.AnnotationConfigContextLoaderUtils -- Could not detect default configuration classes for test class [com.example.demo.DemoApplicationTests]: DemoApplicationTests does not declare any static, non-private, non-final, nested classes annotated with @Configuration.
12:53:40.812 [main] INFO org.springframework.boot.test.context.SpringBootTestContextBootstrapper -- Found @SpringBootConfiguration com.example.demo.DemoApplication for test class com.example.demo.DemoApplicationTests

  .   ____          _            __ _ _
 /\\ / ___'_ __ _ _(_)_ __  __ _ \ \ \ \
( ( )\___ | '_ | '_| | '_ \/ _` | \ \ \ \
 \\/  ___)| |_)| | | | | || (_| |  ) ) ) )
  '  |____| .__|_| |_|_| |_\__, | / / / /
 =========|_|==============|___/=/_/_/_/
 :: Spring Boot ::                (v3.1.9)

2024-03-04T12:53:41.330-04:00  INFO 996 --- [           main] com.example.demo.DemoApplicationTests    : Starting DemoApplicationTests using Java 17.0.9 with PID 996 (started by lenovo in C:\Users\lenovo\Desktop\new probes docker 555\demo\demo 2 con postgre)
2024-03-04T12:53:41.346-04:00  INFO 996 --- [           main] com.example.demo.DemoApplicationTests    : No active profile set, falling back to 1 default profile: "default"
2024-03-04T12:53:41.846-04:00  INFO 996 --- [           main] .s.d.r.c.RepositoryConfigurationDelegate : Bootstrapping Spring Data JPA repositories in DEFAULT mode.
2024-03-04T12:53:41.909-04:00  INFO 996 --- [           main] .s.d.r.c.RepositoryConfigurationDelegate : Finished Spring Data repository scanning in 41 ms. Found 2 JPA repository interfaces.
2024-03-04T12:53:42.606-04:00  INFO 996 --- [           main] o.hibernate.jpa.internal.util.LogHelper  : HHH000204: Processing PersistenceUnitInfo [name: default]
2024-03-04T12:53:42.698-04:00  INFO 996 --- [           main] org.hibernate.Version                    : HHH000412: Hibernate ORM core version 6.2.22.Final
2024-03-04T12:53:42.698-04:00  INFO 996 --- [           main] org.hibernate.cfg.Environment            : HHH000406: Using bytecode reflection optimizer
2024-03-04T12:53:43.140-04:00  INFO 996 --- [           main] o.s.o.j.p.SpringPersistenceUnitInfo      : No LoadTimeWeaver setup: ignoring JPA class transformer
2024-03-04T12:53:43.172-04:00  INFO 996 --- [           main] com.zaxxer.hikari.HikariDataSource       : HikariPool-1 - Starting...
2024-03-04T12:53:46.057-04:00  INFO 996 --- [           main] com.zaxxer.hikari.pool.HikariPool        : HikariPool-1 - Added connection org.postgresql.jdbc.PgConnection@6eed46e9
2024-03-04T12:53:46.058-04:00  INFO 996 --- [           main] com.zaxxer.hikari.HikariDataSource       : HikariPool-1 - Start completed.
2024-03-04T12:53:46.311-04:00  WARN 996 --- [           main] org.hibernate.orm.deprecation            : HHH90000025: PostgreSQLDialect does not need to be specified explicitly using 'hibernate.dialect' (remove the property setting and it will be selected by default)
2024-03-04T12:53:48.278-04:00  INFO 996 --- [           main] o.h.e.t.j.p.i.JtaPlatformInitiator       : HHH000489: No JTA platform available (set 'hibernate.transaction.jta.platform' to enable JTA platform integration)
Hibernate: create table note (id integer not null, content varchar(255), is_archived boolean, title varchar(255), primary key (id))
Hibernate: create table note_tags (note_id integer not null, tag_id integer not null, primary key (note_id, tag_id))
Hibernate: create table tags (id integer not null, tag_name varchar(255), primary key (id))
Hibernate: alter table if exists tags drop constraint if exists UK_2c6s9hekidseaj5vbgb3pgy3k
2024-03-04T12:53:50.915-04:00  WARN 996 --- [           main] o.h.engine.jdbc.spi.SqlExceptionHelper   : SQL Warning Code: 0, SQLState: 00000
2024-03-04T12:53:50.915-04:00  WARN 996 --- [           main] o.h.engine.jdbc.spi.SqlExceptionHelper   : constraint "uk_2c6s9hekidseaj5vbgb3pgy3k" of relation "tags" does not exist, skipping
Hibernate: alter table if exists tags add constraint UK_2c6s9hekidseaj5vbgb3pgy3k unique (tag_name)
Hibernate: create sequence native start with 1 increment by 50
Hibernate: alter table if exists note_tags add constraint FK8babdwu6uqiu4rdkeuy8dkna0 foreign key (tag_id) references tags
Hibernate: alter table if exists note_tags add constraint FK6a4cyw47043aaai8rbthb33w7 foreign key (note_id) references note
2024-03-04T12:53:51.969-04:00  INFO 996 --- [           main] j.LocalContainerEntityManagerFactoryBean : Initialized JPA EntityManagerFactory for persistence unit 'default'
2024-03-04T12:53:52.547-04:00  WARN 996 --- [           main] JpaBaseConfiguration$JpaWebConfiguration : spring.jpa.open-in-view is enabled by default. Therefore, database queries may be performed during view rendering. Explicitly configure spring.jpa.open-in-view to disable this warning
2024-03-04T12:53:52.906-04:00  INFO 996 --- [           main] com.example.demo.DemoApplicationTests    : Started DemoApplicationTests in 11.902 seconds (process running for 13.134)
]]></system-out>
  </testcase>
</testsuite>